{
  "RSpec": {
    "coverage": {
      "/home/haojin/Downloads/CSCE606_HW/HW3/Acceptance Unit Test Cycle/rottenpotatoes/app/controllers/movies_controller.rb": [
        1,
        null,
        1,
        0,
        null,
        null,
        1,
        0,
        0,
        null,
        null,
        null,
        1,
        0,
        0,
        null,
        0,
        null,
        0,
        null,
        0,
        0,
        null,
        0,
        0,
        null,
        null,
        0,
        0,
        0,
        0,
        null,
        0,
        null,
        null,
        1,
        null,
        null,
        null,
        1,
        0,
        0,
        0,
        null,
        null,
        1,
        0,
        null,
        null,
        1,
        0,
        0,
        0,
        0,
        null,
        null,
        1,
        0,
        0,
        0,
        0,
        null,
        1,
        5,
        5,
        2,
        2,
        null,
        null,
        null
      ],
      "/home/haojin/Downloads/CSCE606_HW/HW3/Acceptance Unit Test Cycle/rottenpotatoes/app/controllers/application_controller.rb": [
        1,
        1,
        null
      ],
      "/home/haojin/Downloads/CSCE606_HW/HW3/Acceptance Unit Test Cycle/rottenpotatoes/app/models/movie.rb": [
        1,
        1,
        0,
        null,
        1,
        0,
        0,
        0,
        null,
        0,
        0,
        0,
        null,
        0,
        null,
        null,
        null
      ],
      "/home/haojin/Downloads/CSCE606_HW/HW3/Acceptance Unit Test Cycle/rottenpotatoes/app/helpers/movies_helper.rb": [
        0,
        null,
        0,
        0,
        0,
        0
      ],
      "/home/haojin/Downloads/CSCE606_HW/HW3/Acceptance Unit Test Cycle/rottenpotatoes/app/helpers/application_helper.rb": [
        0,
        0
      ]
    },
    "timestamp": 1571635729
  },
  "Cucumber Features": {
    "coverage": {
      "/home/haojin/Downloads/CSCE606_HW/HW3/Acceptance Unit Test Cycle/rottenpotatoes/app/models/movie.rb": [
        1,
        1,
        13,
        null,
        1,
        2,
        2,
        0,
        null,
        2,
        1,
        1,
        null,
        1,
        null,
        null,
        null
      ],
      "/home/haojin/Downloads/CSCE606_HW/HW3/Acceptance Unit Test Cycle/rottenpotatoes/app/controllers/movies_controller.rb": [
        1,
        null,
        1,
        1,
        null,
        null,
        1,
        3,
        3,
        null,
        null,
        null,
        1,
        13,
        13,
        null,
        2,
        null,
        2,
        null,
        13,
        13,
        null,
        13,
        30,
        null,
        null,
        13,
        4,
        4,
        4,
        null,
        9,
        null,
        null,
        1,
        null,
        null,
        null,
        1,
        0,
        0,
        0,
        null,
        null,
        1,
        1,
        null,
        null,
        1,
        1,
        1,
        1,
        1,
        null,
        null,
        1,
        0,
        0,
        0,
        0,
        null,
        1,
        2,
        2,
        1,
        1,
        null,
        null,
        null
      ],
      "/home/haojin/Downloads/CSCE606_HW/HW3/Acceptance Unit Test Cycle/rottenpotatoes/app/controllers/application_controller.rb": [
        1,
        1,
        null
      ],
      "/home/haojin/Downloads/CSCE606_HW/HW3/Acceptance Unit Test Cycle/rottenpotatoes/app/helpers/application_helper.rb": [
        1,
        null
      ],
      "/home/haojin/Downloads/CSCE606_HW/HW3/Acceptance Unit Test Cycle/rottenpotatoes/app/helpers/movies_helper.rb": [
        1,
        null,
        1,
        0,
        null,
        null
      ]
    },
    "timestamp": 1571635738
  }
}
